# JRE version: OpenJDK Runtime Environment Corretto-20.0.2.10.1 (20.0.2.1+10) (build 20.0.2.1+10-FR)
# Java VM: OpenJDK 64-Bit Server VM Corretto-20.0.2.10.1 (20.0.2.1+10-FR, mixed mode, sharing, tiered, compressed oops, compressed class ptrs, g1 gc, windows-amd64)
GC Precious Log:
 CardTable entry size: 512
 Card Set container configuration: InlinePtr #cards 4 size 8 Array Of Cards #cards 64 size 144 Howl #buckets 8 coarsen threshold 14745 Howl Bitmap #cards 2048 size 272 coarsen threshold 1843 Card regions per heap region 1 cards per card region 16384
 CPUs: 32 total, 32 available
 Memory: 65297M
 Large Page Support: Disabled
 NUMA Support: Disabled
 Compressed Oops: Enabled (Zero based)
 Heap Region Size: 8M
 Heap Min Capacity: 8M
 Heap Initial Capacity: 1G
 Heap Max Capacity: 16328M
 Pre-touch: Disabled
 Parallel Workers: 23
 Concurrent Workers: 6
 Concurrent Refinement Workers: 23
 Periodic GC: Disabled
Heap:
 garbage-first heap   total 1048576K, used 352145K [0x0000000403800000, 0x0000000800000000)
  region size 8192K, 44 young (360448K), 1 survivors (8192K)
 Metaspace       used 18217K, committed 18432K, reserved 1114112K
  class space    used 1640K, committed 1728K, reserved 1048576K
GC Heap History (6 events):
Event: 0.336 GC heap before
{Heap before GC invocations=0 (full 0):
 garbage-first heap   total 1048576K, used 40960K [0x0000000403800000, 0x0000000800000000)
  region size 8192K, 6 young (49152K), 0 survivors (0K)
 Metaspace       used 7701K, committed 7872K, reserved 1114112K
  class space    used 697K, committed 768K, reserved 1048576K
}
Event: 0.339 GC heap after
{Heap after GC invocations=1 (full 0):
 garbage-first heap   total 1048576K, used 5523K [0x0000000403800000, 0x0000000800000000)
  region size 8192K, 1 young (8192K), 1 survivors (8192K)
 Metaspace       used 7701K, committed 7872K, reserved 1114112K
  class space    used 697K, committed 768K, reserved 1048576K
}
Event: 14.337 GC heap before
{Heap before GC invocations=1 (full 0):
 garbage-first heap   total 1048576K, used 46483K [0x0000000403800000, 0x0000000800000000)
  region size 8192K, 6 young (49152K), 1 survivors (8192K)
 Metaspace       used 16755K, committed 16960K, reserved 1114112K
  class space    used 1625K, committed 1728K, reserved 1048576K
}
Event: 14.346 GC heap after
{Heap after GC invocations=2 (full 0):
 garbage-first heap   total 1048576K, used 7669K [0x0000000403800000, 0x0000000800000000)
  region size 8192K, 1 young (8192K), 1 survivors (8192K)
 Metaspace       used 16755K, committed 16960K, reserved 1114112K
  class space    used 1625K, committed 1728K, reserved 1048576K
}
Event: 888.512 GC heap before
{Heap before GC invocations=2 (full 0):
 garbage-first heap   total 1048576K, used 105973K [0x0000000403800000, 0x0000000800000000)
  region size 8192K, 13 young (106496K), 1 survivors (8192K)
 Metaspace       used 17840K, committed 18048K, reserved 1114112K
  class space    used 1640K, committed 1728K, reserved 1048576K
}
Event: 888.514 GC heap after
{Heap after GC invocations=3 (full 0):
 garbage-first heap   total 1048576K, used 8081K [0x0000000403800000, 0x0000000800000000)
  region size 8192K, 1 young (8192K), 1 survivors (8192K)
 Metaspace       used 17840K, committed 18048K, reserved 1114112K
  class space    used 1640K, committed 1728K, reserved 1048576K
}

